<?xml version="1.0" encoding="UTF-8"?>
<testsuite xmlns:xsi="http://www.w3.org/2001/XMLSchema-instance" xsi:noNamespaceSchemaLocation="https://maven.apache.org/surefire/maven-surefire-plugin/xsd/surefire-test-report-3.0.xsd" version="3.0" name="com.br.paulo.futsearch.services.CardServiceTest" time="0.478" tests="5" errors="0" skipped="0" failures="0">
  <properties>
[...]
</properties>
  <testcase name="testFindAll" classname="com.br.paulo.futsearch.services.CardServiceTest" time="0.443">
    <system-out><![CDATA[2024-03-19T22:28:20.042-03:00  INFO 26688 --- [           main] c.b.p.futsearch.services.CardService     : Finding all cards!
]]></system-out>
  </testcase>
  <testcase name="testCreate_NullCard" classname="com.br.paulo.futsearch.services.CardServiceTest" time="0.005"/>
  <testcase name="testFindById" classname="com.br.paulo.futsearch.services.CardServiceTest" time="0.008">
    <system-out><![CDATA[2024-03-19T22:28:20.227-03:00  INFO 26688 --- [           main] c.b.p.futsearch.services.CardService     : Finding one card!
]]></system-out>
  </testcase>
  <testcase name="testCreate" classname="com.br.paulo.futsearch.services.CardServiceTest" time="0.009">
    <system-out><![CDATA[2024-03-19T22:28:20.237-03:00  INFO 26688 --- [           main] c.b.p.futsearch.services.CardService     : Creating one card!
]]></system-out>
  </testcase>
  <testcase name="testFindById_NotFound" classname="com.br.paulo.futsearch.services.CardServiceTest" time="0.003">
    <system-out><![CDATA[2024-03-19T22:28:20.246-03:00  INFO 26688 --- [           main] c.b.p.futsearch.services.CardService     : Finding one card!
]]></system-out>
  </testcase>
</testsuite>